2026-06-20T18:34:53.915-04:00  INFO 34260 --- [inventario] [main] c.i.inventario.InventarioApplication     : Starting InventarioApplication using Java 21.0.10 with PID 34260 (C:\Users\Bayro\OneDrive\Desktop\bibliomusic\inventario\target\classes started by Bayro in C:\Users\Bayro\OneDrive\Desktop\bibliomusic\inventario)
2026-06-20T18:34:53.926-04:00 DEBUG 34260 --- [inventario] [main] c.i.inventario.InventarioApplication     : Running with Spring Boot v4.0.7, Spring v7.0.8
2026-06-20T18:34:53.926-04:00  INFO 34260 --- [inventario] [main] c.i.inventario.InventarioApplication     : No active profile set, falling back to 1 default profile: "default"
2026-06-20T18:34:55.146-04:00  INFO 34260 --- [inventario] [main] .s.d.r.c.RepositoryConfigurationDelegate : Bootstrapping Spring Data JPA repositories in DEFAULT mode.
2026-06-20T18:34:55.266-04:00  INFO 34260 --- [inventario] [main] .s.d.r.c.RepositoryConfigurationDelegate : Finished Spring Data repository scanning in 100 ms. Found 1 JPA repository interface.
2026-06-20T18:34:56.200-04:00  INFO 34260 --- [inventario] [main] o.s.boot.tomcat.TomcatWebServer          : Tomcat initialized with port 8088 (http)
2026-06-20T18:34:56.225-04:00  INFO 34260 --- [inventario] [main] o.apache.catalina.core.StandardService   : Starting service [Tomcat]
2026-06-20T18:34:56.227-04:00  INFO 34260 --- [inventario] [main] o.apache.catalina.core.StandardEngine    : Starting Servlet engine: [Apache Tomcat/11.0.22]
2026-06-20T18:34:56.349-04:00  INFO 34260 --- [inventario] [main] b.w.c.s.WebApplicationContextInitializer : Root WebApplicationContext: initialization completed in 2341 ms
2026-06-20T18:34:56.665-04:00  INFO 34260 --- [inventario] [main] org.hibernate.orm.jpa                    : HHH008540: Processing PersistenceUnitInfo [name: default]
2026-06-20T18:34:56.799-04:00  INFO 34260 --- [inventario] [main] org.hibernate.orm.core                   : HHH000001: Hibernate ORM core version 7.2.19.Final
2026-06-20T18:34:57.494-04:00  INFO 34260 --- [inventario] [main] o.s.o.j.p.SpringPersistenceUnitInfo      : No LoadTimeWeaver setup: ignoring JPA class transformer
2026-06-20T18:34:57.533-04:00  INFO 34260 --- [inventario] [main] com.zaxxer.hikari.HikariDataSource       : HikariPool-1 - Starting...
2026-06-20T18:34:57.776-04:00  INFO 34260 --- [inventario] [main] com.zaxxer.hikari.pool.HikariPool        : HikariPool-1 - Added connection com.mysql.cj.jdbc.ConnectionImpl@7ef60c02
2026-06-20T18:34:57.778-04:00  INFO 34260 --- [inventario] [main] com.zaxxer.hikari.HikariDataSource       : HikariPool-1 - Start completed.
2026-06-20T18:34:57.848-04:00  WARN 34260 --- [inventario] [main] org.hibernate.orm.core                   : HHH000511: The 5.5.5 version for [org.hibernate.dialect.MySQLDialect] is no longer supported, hence certain features may not work properly.The minimum supported version is 8.0.0. Check the community dialects project for available legacy versions.
2026-06-20T18:34:57.876-04:00  INFO 34260 --- [inventario] [main] org.hibernate.orm.connections.pooling    : HHH10001005: Database info:
	Database JDBC URL [jdbc:mysql://localhost:3306/inventario?createDatabaseIfNotExist=true&serverTimezone=UTC]
	Database driver: MySQL Connector/J
	Database dialect: MySQLDialect
	Database version: 5.5.5
	Default catalog/schema: inventario/undefined
	Autocommit mode: undefined/unknown
	Isolation level: REPEATABLE_READ [default REPEATABLE_READ]
	JDBC fetch size: none
	Pool: DataSourceConnectionProvider
	Minimum pool size: undefined/unknown
	Maximum pool size: undefined/unknown
2026-06-20T18:34:58.824-04:00  INFO 34260 --- [inventario] [main] org.hibernate.orm.core                   : HHH000489: No JTA platform available (set 'hibernate.transaction.jta.platform' to enable JTA platform integration)
2026-06-20T18:34:58.926-04:00  INFO 34260 --- [inventario] [main] j.LocalContainerEntityManagerFactoryBean : Initialized JPA EntityManagerFactory for persistence unit 'default'
2026-06-20T18:34:59.019-04:00  INFO 34260 --- [inventario] [main] o.s.d.j.r.query.QueryEnhancerFactories   : Hibernate is in classpath; If applicable, HQL parser will be used.
2026-06-20T18:34:59.389-04:00  WARN 34260 --- [inventario] [main] JpaBaseConfiguration$JpaWebConfiguration : spring.jpa.open-in-view is enabled by default. Therefore, database queries may be performed during view rendering. Explicitly configure spring.jpa.open-in-view to disable this warning
2026-06-20T18:35:00.134-04:00  INFO 34260 --- [inventario] [main] o.s.boot.tomcat.TomcatWebServer          : Tomcat started on port 8088 (http) with context path '/'
2026-06-20T18:35:00.147-04:00  INFO 34260 --- [inventario] [main] c.i.inventario.InventarioApplication     : Started InventarioApplication in 6.933 seconds (process running for 7.708)
2026-06-20T18:35:00.152-04:00  WARN 34260 --- [inventario] [main] o.s.core.events.SpringDocAppInitializer  : SpringDoc /v3/api-docs endpoint is enabled by default. To disable it in production, set the property 'springdoc.api-docs.enabled=false'
2026-06-20T18:36:14.556-04:00  INFO 34260 --- [inventario] [http-nio-8088-exec-2] o.a.c.c.C.[Tomcat].[localhost].[/]       : Initializing Spring DispatcherServlet 'dispatcherServlet'
2026-06-20T18:36:14.557-04:00  INFO 34260 --- [inventario] [http-nio-8088-exec-2] o.s.web.servlet.DispatcherServlet        : Initializing Servlet 'dispatcherServlet'
2026-06-20T18:36:14.560-04:00  INFO 34260 --- [inventario] [http-nio-8088-exec-2] o.s.web.servlet.DispatcherServlet        : Completed initialization in 3 ms
2026-06-20T18:37:18.719-04:00  INFO 34260 --- [inventario] [http-nio-8088-exec-3] o.springdoc.api.AbstractOpenApiResource  : Init duration for springdoc-openapi is: 518 ms
